<?xml version="1.0" encoding="UTF-8"?>
<!-- Generated by org.testng.reporters.JUnitReportReporter -->
<testsuite hostname="DESKTOP-U1JCG6A" failures="0" tests="1" name="urBuddi.Tests.Test06_Add_Edit_Delete_EmployeeWithAdminRoleTestSpec" time="22.785" errors="0" timestamp="2025-02-14T11:01:27 IST" skipped="0">
  <testcase classname="urBuddi.Tests.Test06_Add_Edit_Delete_EmployeeWithAdminRoleTestSpec" name="verifyAddEditDeleteEmployeeWithAdminRoleIsSuccessful" time="22.785"/>
  <system-out/>
</testsuite> <!-- urBuddi.Tests.Test06_Add_Edit_Delete_EmployeeWithAdminRoleTestSpec -->
