<?xml version="1.0" encoding="UTF-8"?>
<!-- Generated by org.testng.reporters.JUnitReportReporter -->
<testsuite hostname="DESKTOP-U1JCG6A" failures="0" tests="1" name="urBuddi.Tests.ApplyAndCancelLeaveTestSpec" time="15.284" errors="0" timestamp="2025-02-14T11:10:39 IST" skipped="0">
  <testcase classname="urBuddi.Tests.ApplyAndCancelLeaveTestSpec" name="verifyApplyAndCancelLeaveIsSuccessful" time="15.284"/>
  <system-out/>
</testsuite> <!-- urBuddi.Tests.ApplyAndCancelLeaveTestSpec -->
