<?xml version="1.0" encoding="UTF-8"?>
<!-- Generated by org.testng.reporters.JUnitReportReporter -->
<testsuite hostname="DESKTOP-U1JCG6A" failures="0" tests="2" name="urBuddi.Test.TestNGTest" time="0.008" errors="0" timestamp="2024-12-20T10:28:04 IST" skipped="0">
  <testcase classname="urBuddi.Test.TestNGTest" name="mainTest1" time="0.006"/>
  <system-out/>
  <testcase classname="urBuddi.Test.TestNGTest" name="mainTest2" time="0.002"/>
  <system-out/>
</testsuite> <!-- urBuddi.Test.TestNGTest -->
