<?xml version="1.0" encoding="UTF-8"?>
<!-- Generated by org.testng.reporters.JUnitReportReporter -->
<testsuite hostname="DESKTOP-U1JCG6A" failures="0" tests="1" name="urBuddi.Tests.Test004_Add_Edit_Delete_EmployeeWithAdminRoleTestSpec" time="14.184" errors="0" timestamp="2025-02-18T10:12:51 IST" skipped="0">
  <testcase classname="urBuddi.Tests.Test004_Add_Edit_Delete_EmployeeWithAdminRoleTestSpec" name="verifyAddEditDeleteEmployeeWithAdminRoleIsSuccessful" time="14.184"/>
  <system-out/>
</testsuite> <!-- urBuddi.Tests.Test004_Add_Edit_Delete_EmployeeWithAdminRoleTestSpec -->
