<?xml version="1.0" encoding="UTF-8"?>
<!-- Generated by org.testng.reporters.JUnitReportReporter -->
<testsuite hostname="DESKTOP-U1JCG6A" failures="0" tests="1" name="urBuddi.Tests.Test06ApplyAndCancelLeaveTestSpec" time="15.538" errors="0" timestamp="2025-01-17T11:19:44 IST" skipped="0">
  <testcase classname="urBuddi.Tests.Test06ApplyAndCancelLeaveTestSpec" name="verifyLeaveManagement" time="15.538"/>
  <system-out/>
</testsuite> <!-- urBuddi.Tests.Test06ApplyAndCancelLeaveTestSpec -->
