<?xml version="1.0" encoding="UTF-8"?>
<!-- Generated by org.testng.reporters.JUnitReportReporter -->
<testsuite hostname="DESKTOP-U1JCG6A" failures="0" tests="1" name="urBuddi.Tests.Test016_Add_Edit_EmployeeWithStatusAsReleasedTestSpec" time="26.118" errors="0" timestamp="2025-03-03T16:08:16 IST" skipped="0">
  <testcase classname="urBuddi.Tests.Test016_Add_Edit_EmployeeWithStatusAsReleasedTestSpec" name="verifyAddEditEmployeeWithReleasedStatusIsSuccessful" time="26.118"/>
  <system-out/>
</testsuite> <!-- urBuddi.Tests.Test016_Add_Edit_EmployeeWithStatusAsReleasedTestSpec -->
