<?xml version="1.0" encoding="UTF-8"?>
<!-- Generated by org.testng.reporters.JUnitReportReporter -->
<testsuite hostname="DESKTOP-U1JCG6A" failures="0" tests="1" name="urBuddi.Tests.Test012_Add_Edit_Delete_EmployeeWithMaleGenderTestSpec" time="29.924" errors="0" timestamp="2025-02-24T10:54:55 IST" skipped="0">
  <testcase classname="urBuddi.Tests.Test012_Add_Edit_Delete_EmployeeWithMaleGenderTestSpec" name="verifyAddEditDeleteEmployeeWithMaleGenderIsSuccessful" time="29.924"/>
  <system-out/>
</testsuite> <!-- urBuddi.Tests.Test012_Add_Edit_Delete_EmployeeWithMaleGenderTestSpec -->
