<?xml version="1.0" encoding="UTF-8"?>
<!-- Generated by org.testng.reporters.JUnitReportReporter -->
<testsuite hostname="DESKTOP-U1JCG6A" failures="0" tests="1" name="urBuddi.Tests.Test09_Add_Edit_Delete_EmployeeWithDegreeQualification" time="17.545" errors="0" timestamp="2025-02-14T11:05:43 IST" skipped="0">
  <testcase classname="urBuddi.Tests.Test09_Add_Edit_Delete_EmployeeWithDegreeQualification" name="verifyAddEditDeleteEmployeeWithDegreeQualificationIsSuccessful" time="17.545"/>
  <system-out/>
</testsuite> <!-- urBuddi.Tests.Test09_Add_Edit_Delete_EmployeeWithDegreeQualification -->
