<?xml version="1.0" encoding="UTF-8"?>
<!-- Generated by org.testng.reporters.JUnitReportReporter -->
<testsuite hostname="DESKTOP-U1JCG6A" failures="0" tests="1" name="urBuddi.Tests.Test02_AddEmployeeTestSpec" time="10.749" errors="0" timestamp="2025-02-14T10:51:55 IST" skipped="0">
  <testcase classname="urBuddi.Tests.Test02_AddEmployeeTestSpec" name="verifyAddEmployeeIsSuccessful" time="10.749"/>
  <system-out/>
</testsuite> <!-- urBuddi.Tests.Test02_AddEmployeeTestSpec -->
