<?xml version="1.0" encoding="UTF-8"?>
<!-- Generated by org.testng.reporters.JUnitReportReporter -->
<testsuite hostname="DESKTOP-U1JCG6A" failures="0" tests="1" name="urBuddi.Tests.Test02AddEmployeeTestSpec" time="13.555" errors="0" timestamp="2025-01-27T10:35:40 IST" skipped="0">
  <testcase classname="urBuddi.Tests.Test02AddEmployeeTestSpec" name="verifyAddEMployeeIsSuccessful" time="13.555"/>
  <system-out/>
</testsuite> <!-- urBuddi.Tests.Test02AddEmployeeTestSpec -->
