<?xml version="1.0" encoding="UTF-8"?>
<!-- Generated by org.testng.reporters.JUnitReportReporter -->
<testsuite hostname="DESKTOP-U1JCG6A" failures="0" tests="1" name="urBuddi.Tests.Test002_LoginTestSpec" time="2.449" errors="0" timestamp="2025-02-25T11:02:42 IST" skipped="0">
  <testcase classname="urBuddi.Tests.Test002_LoginTestSpec" name="verifyLoginIsSuccess" time="2.449"/>
  <system-out/>
</testsuite> <!-- urBuddi.Tests.Test002_LoginTestSpec -->
