<?xml version="1.0" encoding="UTF-8"?>
<!-- Generated by org.testng.reporters.JUnitReportReporter -->
<testsuite hostname="DESKTOP-U1JCG6A" failures="0" tests="1" name="urBuddi.Tests.Test007_Add_Edit_Delete_EmployeeWithRoleAsLeadTestSpec" time="12.836" errors="0" timestamp="2025-02-28T10:41:21 IST" skipped="0">
  <testcase classname="urBuddi.Tests.Test007_Add_Edit_Delete_EmployeeWithRoleAsLeadTestSpec" name="verifyAddEditDeleteEmployeeWithLeadRoleIsSuccessful" time="12.836"/>
  <system-out/>
</testsuite> <!-- urBuddi.Tests.Test007_Add_Edit_Delete_EmployeeWithRoleAsLeadTestSpec -->
