<?xml version="1.0" encoding="UTF-8"?>
<!-- Generated by org.testng.reporters.JUnitReportReporter -->
<testsuite hostname="DESKTOP-U1JCG6A" failures="0" tests="1" name="urBuddi.Tests.Test002_LoginFunctionalityTestSpec" time="4.479" errors="0" timestamp="2025-02-18T11:06:37 IST" skipped="0">
  <testcase classname="urBuddi.Tests.Test002_LoginFunctionalityTestSpec" name="verificationOfLoginFunctionalityIsSuccess" time="4.479"/>
  <system-out/>
</testsuite> <!-- urBuddi.Tests.Test002_LoginFunctionalityTestSpec -->
