<?xml version="1.0" encoding="UTF-8"?>
<!-- Generated by org.testng.reporters.JUnitReportReporter -->
<testsuite hostname="DESKTOP-U1JCG6A" failures="0" tests="1" name="urBuddi.Tests.Test014_Add_Edit_Delete_EmployeWithGenderAsOthersTestSpec" time="49.548" errors="0" timestamp="2025-03-03T16:06:33 IST" skipped="0">
  <testcase classname="urBuddi.Tests.Test014_Add_Edit_Delete_EmployeWithGenderAsOthersTestSpec" name="verifyAddEditDeleteEmployeeWithOthersGenderIsSuccessful" time="49.548"/>
  <system-out/>
</testsuite> <!-- urBuddi.Tests.Test014_Add_Edit_Delete_EmployeWithGenderAsOthersTestSpec -->
