<?xml version="1.0" encoding="UTF-8"?>
<!-- Generated by org.testng.reporters.JUnitReportReporter -->
<testsuite hostname="DESKTOP-U1JCG6A" failures="0" tests="1" name="urBuddi.Tests.Test016_Add_Edit_Delete_EmployeeWithReleasedStatusTestSpec" time="93.329" errors="0" timestamp="2025-02-21T16:01:51 IST" skipped="0">
  <testcase classname="urBuddi.Tests.Test016_Add_Edit_Delete_EmployeeWithReleasedStatusTestSpec" name="verifyAddEditDeleteEmployeeWithReleasedStatusIsSuccessful" time="93.329"/>
  <system-out/>
</testsuite> <!-- urBuddi.Tests.Test016_Add_Edit_Delete_EmployeeWithReleasedStatusTestSpec -->
