<?xml version="1.0" encoding="UTF-8"?>
<!-- Generated by org.testng.reporters.JUnitReportReporter -->
<testsuite hostname="DESKTOP-U1JCG6A" failures="0" tests="1" name="urBuddi.Tests.Test04_EditEmployeeAfterAddTestSpec" time="11.920" errors="0" timestamp="2025-02-10T10:12:15 IST" skipped="0">
  <testcase classname="urBuddi.Tests.Test04_EditEmployeeAfterAddTestSpec" name="verifyLoginIsSuccessful" time="11.920"/>
  <system-out/>
</testsuite> <!-- urBuddi.Tests.Test04_EditEmployeeAfterAddTestSpec -->
