<?xml version="1.0" encoding="UTF-8"?>
<!-- Generated by org.testng.reporters.JUnitReportReporter -->
<testsuite hostname="DESKTOP-U1JCG6A" failures="0" tests="3" name="urBuddi.TestNG.TC3AddEmployee" time="50.010" errors="0" timestamp="2024-12-28T12:04:31 IST" skipped="0">
  <testcase classname="urBuddi.TestNG.TC3AddEmployee" name="loginToApplication" time="0.437"/>
  <system-out/>
  <testcase classname="urBuddi.TestNG.TC3AddEmployee" name="addEmployeeLinks" time="0.789"/>
  <system-out/>
  <testcase classname="urBuddi.TestNG.TC3AddEmployee" name="addEmployeeInputfields" time="48.784"/>
  <system-out/>
</testsuite> <!-- urBuddi.TestNG.TC3AddEmployee -->
