<?xml version="1.0" encoding="UTF-8"?>
<!-- Generated by org.testng.reporters.JUnitReportReporter -->
<testsuite hostname="DESKTOP-U1JCG6A" failures="0" tests="1" name="urBuddi.Tests.Test05DeleteAddEmployeeAfterEditTestSpec" time="15.591" errors="0" timestamp="2025-02-06T10:49:41 IST" skipped="0">
  <testcase classname="urBuddi.Tests.Test05DeleteAddEmployeeAfterEditTestSpec" name="verifyLoginIsSuccessful" time="15.591"/>
  <system-out/>
</testsuite> <!-- urBuddi.Tests.Test05DeleteAddEmployeeAfterEditTestSpec -->
