<?xml version="1.0" encoding="UTF-8"?>
<!-- Generated by org.testng.reporters.JUnitReportReporter -->
<testsuite hostname="DESKTOP-U1JCG6A" failures="0" tests="1" name="urBuddi.Tests.Test005_Add_Edit_Delete_EmployeeWithRoleAsAdminTestSpec" time="14.482" errors="0" timestamp="2025-03-03T15:16:42 IST" skipped="0">
  <testcase classname="urBuddi.Tests.Test005_Add_Edit_Delete_EmployeeWithRoleAsAdminTestSpec" name="verifyAddEditDeleteEmployeeWithAdminRoleIsSuccessful" time="14.482"/>
  <system-out/>
</testsuite> <!-- urBuddi.Tests.Test005_Add_Edit_Delete_EmployeeWithRoleAsAdminTestSpec -->
