<?xml version="1.0" encoding="UTF-8"?>
<!-- Generated by org.testng.reporters.JUnitReportReporter -->
<testsuite hostname="DESKTOP-U1JCG6A" failures="0" tests="1" name="urBuddi.Tests.Test002_LoginTestSpec" time="1.535" errors="0" timestamp="2025-02-24T10:41:49 IST" skipped="0">
  <testcase classname="urBuddi.Tests.Test002_LoginTestSpec" name="verifyLoginIsSuccess" time="1.535"/>
  <system-out/>
</testsuite> <!-- urBuddi.Tests.Test002_LoginTestSpec -->
