<?xml version="1.0" encoding="UTF-8"?>
<!-- Generated by org.testng.reporters.JUnitReportReporter -->
<testsuite hostname="DESKTOP-U1JCG6A" failures="0" tests="1" name="urBuddi.Tests.Test03_DeleteAddEmployeeTestSpec" time="8.994" errors="0" timestamp="2025-02-10T10:12:15 IST" skipped="0">
  <testcase classname="urBuddi.Tests.Test03_DeleteAddEmployeeTestSpec" name="verifyLoginIsSuccessful" time="8.994"/>
  <system-out/>
</testsuite> <!-- urBuddi.Tests.Test03_DeleteAddEmployeeTestSpec -->
