<?xml version="1.0" encoding="UTF-8"?>
<!-- Generated by org.testng.reporters.JUnitReportReporter -->
<testsuite hostname="DESKTOP-U1JCG6A" failures="0" tests="1" name="urBuddi.Tests.Test001_LoginPageTestSpec" time="0.346" errors="0" timestamp="2025-02-24T10:41:18 IST" skipped="0">
  <testcase classname="urBuddi.Tests.Test001_LoginPageTestSpec" name="verificationOfLoginPageIsSuccess" time="0.346"/>
  <system-out/>
</testsuite> <!-- urBuddi.Tests.Test001_LoginPageTestSpec -->
