<?xml version="1.0" encoding="UTF-8"?>
<!-- Generated by org.testng.reporters.JUnitReportReporter -->
<testsuite hostname="DESKTOP-U1JCG6A" failures="0" tests="1" name="urBuddi.Tests.Test008_Add_Edit_Delete_EmployeeWithDegreeQualification" time="13.469" errors="0" timestamp="2025-02-24T10:50:29 IST" skipped="0">
  <testcase classname="urBuddi.Tests.Test008_Add_Edit_Delete_EmployeeWithDegreeQualification" name="verifyAddEditDeleteEmployeeWithDegreeQualificationIsSuccessful" time="13.469"/>
  <system-out/>
</testsuite> <!-- urBuddi.Tests.Test008_Add_Edit_Delete_EmployeeWithDegreeQualification -->
