<?xml version="1.0" encoding="UTF-8"?>
<!-- Generated by org.testng.reporters.JUnitReportReporter -->
<testsuite hostname="DESKTOP-U1JCG6A" failures="0" tests="3" name="urBuddi.TestNG.Basic.TC4AddEmployeeTNDirectCode" time="16.219" errors="0" timestamp="2025-01-06T17:21:04 IST" skipped="0">
  <testcase classname="urBuddi.TestNG.Basic.TC4AddEmployeeTNDirectCode" name="verifyLoginIsSuccess" time="0.552"/>
  <system-out/>
  <testcase classname="urBuddi.TestNG.Basic.TC4AddEmployeeTNDirectCode" name="clickOnAddEmployeeLinks" time="0.840"/>
  <system-out/>
  <testcase classname="urBuddi.TestNG.Basic.TC4AddEmployeeTNDirectCode" name="EnterAddEmployeeInputfields" time="14.827"/>
  <system-out/>
</testsuite> <!-- urBuddi.TestNG.Basic.TC4AddEmployeeTNDirectCode -->
