<?xml version="1.0" encoding="UTF-8"?>
<!-- Generated by org.testng.reporters.JUnitReportReporter -->
<testsuite hostname="DESKTOP-U1JCG6A" failures="0" tests="6" name="urBuddi.Tests.TC6DeleteAndVerifyAddEmployeeWithEmpID" time="16.518" errors="0" timestamp="2025-01-07T11:00:13 IST" skipped="0">
  <testcase classname="urBuddi.Tests.TC6DeleteAndVerifyAddEmployeeWithEmpID" name="verifyLoginIsSuccess" time="0.398"/>
  <system-out/>
  <testcase classname="urBuddi.Tests.TC6DeleteAndVerifyAddEmployeeWithEmpID" name="clickOnAddEmployeeLinks" time="1.290"/>
  <system-out/>
  <testcase classname="urBuddi.Tests.TC6DeleteAndVerifyAddEmployeeWithEmpID" name="EnterAddEmployeeInputfields" time="12.697"/>
  <system-out/>
  <testcase classname="urBuddi.Tests.TC6DeleteAndVerifyAddEmployeeWithEmpID" name="verifyAddEmployeeSuccessful" time="0.202"/>
  <system-out/>
  <testcase classname="urBuddi.Tests.TC6DeleteAndVerifyAddEmployeeWithEmpID" name="DeleteAddEmployee" time="1.753"/>
  <system-out/>
  <testcase classname="urBuddi.Tests.TC6DeleteAndVerifyAddEmployeeWithEmpID" name="verifyAddEmployeeAfterDelete" time="0.178"/>
  <system-out/>
</testsuite> <!-- urBuddi.Tests.TC6DeleteAndVerifyAddEmployeeWithEmpID -->
