<?xml version="1.0" encoding="UTF-8"?>
<!-- Generated by org.testng.reporters.JUnitReportReporter -->
<testsuite hostname="DESKTOP-U1JCG6A" failures="0" tests="1" name="urBuddi.Tests.Test003_LoginFunctionalityTestSpec" time="4.215" errors="0" timestamp="2025-02-21T10:15:00 IST" skipped="0">
  <testcase classname="urBuddi.Tests.Test003_LoginFunctionalityTestSpec" name="verificationOfLoginFunctionalityIsSuccess" time="4.215"/>
  <system-out/>
</testsuite> <!-- urBuddi.Tests.Test003_LoginFunctionalityTestSpec -->
