<?xml version="1.0" encoding="UTF-8"?>
<!-- Generated by org.testng.reporters.JUnitReportReporter -->
<testsuite hostname="DESKTOP-U1JCG6A" failures="0" tests="6" name="urBuddi.TestNG.Basic.TC3LoginFunctionalityTNDirectCode" time="5.891" errors="0" timestamp="2025-01-06T17:20:29 IST" skipped="0">
  <testcase classname="urBuddi.TestNG.Basic.TC3LoginFunctionalityTNDirectCode" name="verifyLoginWithValidCredentials" time="1.236"/>
  <system-out/>
  <testcase classname="urBuddi.TestNG.Basic.TC3LoginFunctionalityTNDirectCode" name="verifyLoginWithblankcredentials" time="0.142"/>
  <system-out/>
  <testcase classname="urBuddi.TestNG.Basic.TC3LoginFunctionalityTNDirectCode" name="verifyLoginWithInvalidCredentials" time="0.934"/>
  <system-out/>
  <testcase classname="urBuddi.TestNG.Basic.TC3LoginFunctionalityTNDirectCode" name="verifyLoginWithValidEmailAndInvalidPassword" time="1.254"/>
  <system-out/>
  <testcase classname="urBuddi.TestNG.Basic.TC3LoginFunctionalityTNDirectCode" name="verifyLoginWithInvalidEmailAndValidPassword" time="1.296"/>
  <system-out/>
  <testcase classname="urBuddi.TestNG.Basic.TC3LoginFunctionalityTNDirectCode" name="verifyForgotPassword" time="1.029"/>
  <system-out/>
</testsuite> <!-- urBuddi.TestNG.Basic.TC3LoginFunctionalityTNDirectCode -->
