<?xml version="1.0" encoding="UTF-8"?>
<!-- Generated by org.testng.reporters.JUnitReportReporter -->
<testsuite hostname="DESKTOP-U1JCG6A" failures="0" tests="1" name="urBuddi.TestNG.TC2LoginToApplication" time="1.001" errors="0" timestamp="2025-01-03T17:47:17 IST" skipped="0">
  <testcase classname="urBuddi.TestNG.TC2LoginToApplication" name="verifyLoginIsSuccess" time="1.001"/>
  <system-out/>
</testsuite> <!-- urBuddi.TestNG.TC2LoginToApplication -->
