<?xml version="1.0" encoding="UTF-8"?>
<!-- Generated by org.testng.reporters.JUnitReportReporter -->
<testsuite hostname="DESKTOP-U1JCG6A" failures="0" tests="1" name="urBuddi.Tests.Test005_Add_Edit_Delete_EmployeeWithAdminRoleTestSpec" time="13.098" errors="0" timestamp="2025-02-24T10:46:12 IST" skipped="0">
  <testcase classname="urBuddi.Tests.Test005_Add_Edit_Delete_EmployeeWithAdminRoleTestSpec" name="verifyAddEditDeleteEmployeeWithAdminRoleIsSuccessful" time="13.098"/>
  <system-out/>
</testsuite> <!-- urBuddi.Tests.Test005_Add_Edit_Delete_EmployeeWithAdminRoleTestSpec -->
