<?xml version="1.0" encoding="UTF-8"?>
<!-- Generated by org.testng.reporters.JUnitReportReporter -->
<testsuite hostname="DESKTOP-U1JCG6A" failures="0" tests="1" name="urBuddi.Tests.Test04EditEmployeeAfterAddTestSpec" time="18.935" errors="0" timestamp="2025-02-06T10:46:52 IST" skipped="0">
  <testcase classname="urBuddi.Tests.Test04EditEmployeeAfterAddTestSpec" name="verifyLoginIsSuccessful" time="18.935"/>
  <system-out/>
</testsuite> <!-- urBuddi.Tests.Test04EditEmployeeAfterAddTestSpec -->
