<?xml version="1.0" encoding="UTF-8"?>
<!-- Generated by org.testng.reporters.JUnitReportReporter -->
<testsuite hostname="DESKTOP-U1JCG6A" failures="0" tests="1" name="urBuddi.Tests.Test010_Add_Edit_Delete_EmployeeWithQualificationAsPGTestSpec" time="20.371" errors="0" timestamp="2025-03-03T16:03:33 IST" skipped="0">
  <testcase classname="urBuddi.Tests.Test010_Add_Edit_Delete_EmployeeWithQualificationAsPGTestSpec" name="verifyAddEditDeleteEmployeeWithPGQualificationIsSuccessful" time="20.371"/>
  <system-out/>
</testsuite> <!-- urBuddi.Tests.Test010_Add_Edit_Delete_EmployeeWithQualificationAsPGTestSpec -->
