<?xml version="1.0" encoding="UTF-8"?>
<!-- Generated by org.testng.reporters.JUnitReportReporter -->
<testsuite hostname="DESKTOP-U1JCG6A" failures="0" tests="1" name="urBuddi.TestNG.Basic.TC2LoginToApplicationTNDirectCode" time="1.045" errors="0" timestamp="2025-01-06T17:20:03 IST" skipped="0">
  <testcase classname="urBuddi.TestNG.Basic.TC2LoginToApplicationTNDirectCode" name="verifyLoginIsSuccess" time="1.045"/>
  <system-out/>
</testsuite> <!-- urBuddi.TestNG.Basic.TC2LoginToApplicationTNDirectCode -->
