<?xml version="1.0" encoding="UTF-8"?>
<!-- Generated by org.testng.reporters.JUnitReportReporter -->
<testsuite hostname="DESKTOP-U1JCG6A" failures="0" tests="1" name="urBuddi.TestNG.Basic.LoginTestSpectTNPOM" time="5.515" errors="0" timestamp="2025-01-06T12:16:09 IST" skipped="0">
  <testcase classname="urBuddi.TestNG.Basic.LoginTestSpectTNPOM" name="verifyLoginIsSuccess" time="5.515"/>
  <system-out/>
</testsuite> <!-- urBuddi.TestNG.Basic.LoginTestSpectTNPOM -->
