<?xml version="1.0" encoding="UTF-8"?>
<!-- Generated by org.testng.reporters.JUnitReportReporter -->
<testsuite hostname="DESKTOP-U1JCG6A" failures="0" tests="1" name="urBuddi.Tests.Test001_LoginTestSpec" time="1.309" errors="0" timestamp="2025-02-18T10:23:43 IST" skipped="0">
  <testcase classname="urBuddi.Tests.Test001_LoginTestSpec" name="verifyLoginIsSuccess" time="1.309"/>
  <system-out/>
</testsuite> <!-- urBuddi.Tests.Test001_LoginTestSpec -->
