<?xml version="1.0" encoding="UTF-8"?>
<!-- Generated by org.testng.reporters.JUnitReportReporter -->
<testsuite hostname="DESKTOP-U1JCG6A" failures="0" tests="4" name="urBuddi.TestNG.Basic.TC5VerifyAddEmployeeSuccessful" time="14.745" errors="0" timestamp="2025-01-06T17:29:50 IST" skipped="0">
  <testcase classname="urBuddi.TestNG.Basic.TC5VerifyAddEmployeeSuccessful" name="verifyLoginIsSuccess" time="0.428"/>
  <system-out/>
  <testcase classname="urBuddi.TestNG.Basic.TC5VerifyAddEmployeeSuccessful" name="clickOnAddEmployeeLinks" time="0.837"/>
  <system-out/>
  <testcase classname="urBuddi.TestNG.Basic.TC5VerifyAddEmployeeSuccessful" name="EnterAddEmployeeInputfields" time="13.088"/>
  <system-out/>
  <testcase classname="urBuddi.TestNG.Basic.TC5VerifyAddEmployeeSuccessful" name="verifyAddEmployeeSuccessful" time="0.392"/>
  <system-out/>
</testsuite> <!-- urBuddi.TestNG.Basic.TC5VerifyAddEmployeeSuccessful -->
