<?xml version="1.0" encoding="UTF-8"?>
<!-- Generated by org.testng.reporters.JUnitReportReporter -->
<testsuite hostname="DESKTOP-U1JCG6A" failures="0" tests="1" name="urBuddi.Tests.Test015_Add_Edit_Delete_EmployeeWithStatusAsActiveTestSpec" time="12.224" errors="0" timestamp="2025-03-03T16:07:37 IST" skipped="0">
  <testcase classname="urBuddi.Tests.Test015_Add_Edit_Delete_EmployeeWithStatusAsActiveTestSpec" name="verifyAddEditDeleteEmployeeWithActiveStatusIsSuccessful" time="12.224"/>
  <system-out/>
</testsuite> <!-- urBuddi.Tests.Test015_Add_Edit_Delete_EmployeeWithStatusAsActiveTestSpec -->
