<?xml version="1.0" encoding="UTF-8"?>
<!-- Generated by org.testng.reporters.JUnitReportReporter -->
<testsuite hostname="DESKTOP-U1JCG6A" failures="0" tests="1" name="urBuddi.Tests.Test012_Add_Edit_Delete_EmployeeWithGenderAsMaleTestSpec" time="22.828" errors="0" timestamp="2025-03-03T16:04:46 IST" skipped="0">
  <testcase classname="urBuddi.Tests.Test012_Add_Edit_Delete_EmployeeWithGenderAsMaleTestSpec" name="verifyAddEditDeleteEmployeeWithMaleGenderIsSuccessful" time="22.828"/>
  <system-out/>
</testsuite> <!-- urBuddi.Tests.Test012_Add_Edit_Delete_EmployeeWithGenderAsMaleTestSpec -->
