<?xml version="1.0" encoding="UTF-8"?>
<!-- Generated by org.testng.reporters.JUnitReportReporter -->
<testsuite hostname="DESKTOP-U1JCG6A" failures="0" tests="4" name="urBuddi.TestNG.Basic.TC5VerifyAddEmployeeSuccessful" time="15.029" errors="0" timestamp="2025-01-07T10:31:03 IST" skipped="0">
  <testcase classname="urBuddi.TestNG.Basic.TC5VerifyAddEmployeeSuccessful" name="verifyLoginIsSuccess" time="0.423"/>
  <system-out/>
  <testcase classname="urBuddi.TestNG.Basic.TC5VerifyAddEmployeeSuccessful" name="clickOnAddEmployeeLinks" time="1.856"/>
  <system-out/>
  <testcase classname="urBuddi.TestNG.Basic.TC5VerifyAddEmployeeSuccessful" name="EnterAddEmployeeInputfields" time="12.554"/>
  <system-out/>
  <testcase classname="urBuddi.TestNG.Basic.TC5VerifyAddEmployeeSuccessful" name="verifyAddEmployeeSuccessful" time="0.196"/>
  <system-out/>
</testsuite> <!-- urBuddi.TestNG.Basic.TC5VerifyAddEmployeeSuccessful -->
