<?xml version="1.0" encoding="UTF-8"?>
<!-- Generated by org.testng.reporters.JUnitReportReporter -->
<testsuite hostname="DESKTOP-U1JCG6A" failures="0" tests="1" name="urBuddi.Tests.Test008_Add_Edit_Delete_EmployeeWithQualificationAsDegreeTestSpec" time="77.112" errors="0" timestamp="2025-03-03T17:11:02 IST" skipped="0">
  <testcase classname="urBuddi.Tests.Test008_Add_Edit_Delete_EmployeeWithQualificationAsDegreeTestSpec" name="verifyAddEditDeleteEmployeeWithDegreeQualificationIsSuccessful" time="77.112"/>
  <system-out/>
</testsuite> <!-- urBuddi.Tests.Test008_Add_Edit_Delete_EmployeeWithQualificationAsDegreeTestSpec -->
