<?xml version="1.0" encoding="UTF-8"?>
<!-- Generated by org.testng.reporters.JUnitReportReporter -->
<testsuite hostname="DESKTOP-U1JCG6A" failures="0" tests="1" name="urBuddi.Tests.Test015_Add_Edit_EmployeeWithActiveStatusTestSpec" time="11.792" errors="0" timestamp="2025-02-21T12:54:30 IST" skipped="0">
  <testcase classname="urBuddi.Tests.Test015_Add_Edit_EmployeeWithActiveStatusTestSpec" name="verifyAddEditDeleteEmployeeWithActiveStatusIsSuccessful" time="11.792"/>
  <system-out/>
</testsuite> <!-- urBuddi.Tests.Test015_Add_Edit_EmployeeWithActiveStatusTestSpec -->
