<?xml version="1.0" encoding="UTF-8"?>
<!-- Generated by org.testng.reporters.JUnitReportReporter -->
<testsuite hostname="DESKTOP-U1JCG6A" failures="0" tests="1" name="urBuddi.TestNG.Basic.TNPOM03DeleteAddEMployee" time="13.537" errors="0" timestamp="2025-01-06T18:21:53 IST" skipped="0">
  <testcase classname="urBuddi.TestNG.Basic.TNPOM03DeleteAddEMployee" name="verifyLoginIsSuccessful" time="13.537"/>
  <system-out/>
</testsuite> <!-- urBuddi.TestNG.Basic.TNPOM03DeleteAddEMployee -->
