<?xml version="1.0" encoding="UTF-8"?>
<!-- Generated by org.testng.reporters.JUnitReportReporter -->
<testsuite hostname="DESKTOP-U1JCG6A" failures="0" tests="1" name="urBuddi.Tests.TNPOM01LoginTestSpec" time="5.754" errors="0" timestamp="2025-01-08T11:19:11 IST" skipped="0">
  <testcase classname="urBuddi.Tests.TNPOM01LoginTestSpec" name="verifyLoginIsSuccess" time="5.754"/>
  <system-out/>
</testsuite> <!-- urBuddi.Tests.TNPOM01LoginTestSpec -->
