<?xml version="1.0" encoding="UTF-8"?>
<!-- Generated by org.testng.reporters.JUnitReportReporter -->
<testsuite hostname="DESKTOP-U1JCG6A" failures="0" tests="1" name="urBuddi.Tests.Test014_Add_Edit_Delete_EmployeWithOthersGenderTestSpec" time="16.250" errors="0" timestamp="2025-02-24T10:56:22 IST" skipped="0">
  <testcase classname="urBuddi.Tests.Test014_Add_Edit_Delete_EmployeWithOthersGenderTestSpec" name="verifyAddEditDeleteEmployeeWithOthersGenderIsSuccessful" time="16.250"/>
  <system-out/>
</testsuite> <!-- urBuddi.Tests.Test014_Add_Edit_Delete_EmployeWithOthersGenderTestSpec -->
