<?xml version="1.0" encoding="UTF-8"?>
<!-- Generated by org.testng.reporters.JUnitReportReporter -->
<testsuite hostname="DESKTOP-U1JCG6A" failures="0" tests="1" name="urBuddi.Tests.Test02AddEmployeeTestSpec" time="10.470" errors="0" timestamp="2025-01-24T11:04:46 IST" skipped="0">
  <testcase classname="urBuddi.Tests.Test02AddEmployeeTestSpec" name="verifyAddEMployeeIsSuccessful" time="10.470"/>
  <system-out/>
</testsuite> <!-- urBuddi.Tests.Test02AddEmployeeTestSpec -->
