<?xml version="1.0" encoding="UTF-8"?>
<!-- Generated by org.testng.reporters.JUnitReportReporter -->
<testsuite hostname="DESKTOP-U1JCG6A" failures="0" tests="1" name="urBuddi.Tests.Test07_Add_Edit_Delete_EmployeeWithHRRole" time="48.062" errors="0" timestamp="2025-02-14T11:03:09 IST" skipped="0">
  <testcase classname="urBuddi.Tests.Test07_Add_Edit_Delete_EmployeeWithHRRole" name="verifyAddEditDeleteEmployeeWithHRRoleIsSuccessful" time="48.062"/>
  <system-out/>
</testsuite> <!-- urBuddi.Tests.Test07_Add_Edit_Delete_EmployeeWithHRRole -->
