<?xml version="1.0" encoding="UTF-8"?>
<!-- Generated by org.testng.reporters.JUnitReportReporter -->
<testsuite hostname="DESKTOP-U1JCG6A" failures="0" tests="1" name="urBuddi.Tests.Test02_AddEmployeeTestSpec" time="8.985" errors="0" timestamp="2025-02-13T10:09:44 IST" skipped="0">
  <testcase classname="urBuddi.Tests.Test02_AddEmployeeTestSpec" name="verifyAddEmployeeIsSuccessful" time="8.985"/>
  <system-out/>
</testsuite> <!-- urBuddi.Tests.Test02_AddEmployeeTestSpec -->
