<?xml version="1.0" encoding="UTF-8"?>
<!-- Generated by org.testng.reporters.JUnitReportReporter -->
<testsuite hostname="DESKTOP-U1JCG6A" failures="0" tests="1" name="urBuddi.Tests.Test004_Add_Edit_Delete_EmployeeWithEmployeeRoleTestSpec" time="14.116" errors="0" timestamp="2025-02-24T10:45:40 IST" skipped="0">
  <testcase classname="urBuddi.Tests.Test004_Add_Edit_Delete_EmployeeWithEmployeeRoleTestSpec" name="verifyAddEditDeleteEmployeeWithEmployeeRoleIsSuccessful" time="14.116"/>
  <system-out/>
</testsuite> <!-- urBuddi.Tests.Test004_Add_Edit_Delete_EmployeeWithEmployeeRoleTestSpec -->
