<?xml version="1.0" encoding="UTF-8"?>
<!-- Generated by org.testng.reporters.JUnitReportReporter -->
<testsuite hostname="DESKTOP-U1JCG6A" failures="0" tests="7" name="urBuddi.TestNG.Basic.TC1LoginPage" time="0.313" errors="0" timestamp="2025-01-06T11:34:34 IST" skipped="0">
  <testcase classname="urBuddi.TestNG.Basic.TC1LoginPage" name="verifyURL" time="0.021"/>
  <system-out/>
  <testcase classname="urBuddi.TestNG.Basic.TC1LoginPage" name="verifyLogo" time="0.087"/>
  <system-out/>
  <testcase classname="urBuddi.TestNG.Basic.TC1LoginPage" name="verifyWelcomeToUrBuddiText" time="0.031"/>
  <system-out/>
  <testcase classname="urBuddi.TestNG.Basic.TC1LoginPage" name="verifyEnterYourLoginCredentialsHereText" time="0.025"/>
  <system-out/>
  <testcase classname="urBuddi.TestNG.Basic.TC1LoginPage" name="verifyEmailAndPasswordInputFieldsDisplay" time="0.069"/>
  <system-out/>
  <testcase classname="urBuddi.TestNG.Basic.TC1LoginPage" name="verifyLoginButtonDisplay" time="0.039"/>
  <system-out/>
  <testcase classname="urBuddi.TestNG.Basic.TC1LoginPage" name="verifyForgotPasswordLinkDisplay" time="0.041"/>
  <system-out/>
</testsuite> <!-- urBuddi.TestNG.Basic.TC1LoginPage -->
