<?xml version="1.0" encoding="UTF-8"?>
<!-- Generated by org.testng.reporters.JUnitReportReporter -->
<testsuite hostname="DESKTOP-U1JCG6A" failures="0" tests="3" name="urBuddi.TestNG.Basic.TC4AddEmployee" time="13.951" errors="0" timestamp="2025-01-06T11:37:47 IST" skipped="0">
  <testcase classname="urBuddi.TestNG.Basic.TC4AddEmployee" name="verifyLoginIsSuccess" time="0.394"/>
  <system-out/>
  <testcase classname="urBuddi.TestNG.Basic.TC4AddEmployee" name="clickOnAddEmployeeLinks" time="0.841"/>
  <system-out/>
  <testcase classname="urBuddi.TestNG.Basic.TC4AddEmployee" name="EnterAddEmployeeInputfields" time="12.716"/>
  <system-out/>
</testsuite> <!-- urBuddi.TestNG.Basic.TC4AddEmployee -->
