<?xml version="1.0" encoding="UTF-8"?>
<!-- Generated by org.testng.reporters.JUnitReportReporter -->
<testsuite hostname="DESKTOP-U1JCG6A" failures="0" tests="1" name="urBuddi.Tests.Test04_EditEmployeeAfterAddTestSpec" time="17.876" errors="0" timestamp="2025-02-13T10:11:57 IST" skipped="0">
  <testcase classname="urBuddi.Tests.Test04_EditEmployeeAfterAddTestSpec" name="verifyLoginEditEmployeeAfterAddIsSuccessful" time="17.876"/>
  <system-out/>
</testsuite> <!-- urBuddi.Tests.Test04_EditEmployeeAfterAddTestSpec -->
