<?xml version="1.0" encoding="UTF-8"?>
<!-- Generated by org.testng.reporters.JUnitReportReporter -->
<testsuite hostname="DESKTOP-U1JCG6A" failures="0" tests="1" name="urBuddi.Tests.Test002_LoginTestSpec" time="1.460" errors="0" timestamp="2025-03-03T15:57:54 IST" skipped="0">
  <testcase classname="urBuddi.Tests.Test002_LoginTestSpec" name="verifyLoginIsSuccess" time="1.460"/>
  <system-out/>
</testsuite> <!-- urBuddi.Tests.Test002_LoginTestSpec -->
