<?xml version="1.0" encoding="UTF-8"?>
<!-- Generated by org.testng.reporters.JUnitReportReporter -->
<testsuite hostname="DESKTOP-U1JCG6A" failures="0" tests="1" name="urBuddi.Tests.Test011_Add_Edit_Delete_EmployeeWithQualificationAsOtherTestSpec" time="18.832" errors="0" timestamp="2025-03-03T16:04:05 IST" skipped="0">
  <testcase classname="urBuddi.Tests.Test011_Add_Edit_Delete_EmployeeWithQualificationAsOtherTestSpec" name="verifyAddEditDeleteEmployeeWithOtherQualificationIsSuccessful" time="18.832"/>
  <system-out/>
</testsuite> <!-- urBuddi.Tests.Test011_Add_Edit_Delete_EmployeeWithQualificationAsOtherTestSpec -->
