<?xml version="1.0" encoding="UTF-8"?>
<!-- Generated by org.testng.reporters.JUnitReportReporter -->
<testsuite hostname="DESKTOP-U1JCG6A" failures="0" tests="1" name="urBuddi.Tests.Test010_Add_Edit_Delete_EmployeeWithPGQualification" time="15.299" errors="0" timestamp="2025-02-24T10:52:33 IST" skipped="0">
  <testcase classname="urBuddi.Tests.Test010_Add_Edit_Delete_EmployeeWithPGQualification" name="verifyAddEditDeleteEmployeeWithPGQualificationIsSuccessful" time="15.299"/>
  <system-out/>
</testsuite> <!-- urBuddi.Tests.Test010_Add_Edit_Delete_EmployeeWithPGQualification -->
