<?xml version="1.0" encoding="UTF-8"?>
<!-- Generated by org.testng.reporters.JUnitReportReporter -->
<testsuite hostname="DESKTOP-U1JCG6A" failures="0" tests="1" name="urBuddi.Tests.TNPOM02AddEmployeeTestSpec" time="10.438" errors="0" timestamp="2025-01-07T11:08:40 IST" skipped="0">
  <testcase classname="urBuddi.Tests.TNPOM02AddEmployeeTestSpec" name="verifyLoginIsSuccessful" time="10.438"/>
  <system-out/>
</testsuite> <!-- urBuddi.Tests.TNPOM02AddEmployeeTestSpec -->
