<?xml version="1.0" encoding="UTF-8"?>
<!-- Generated by org.testng.reporters.JUnitReportReporter -->
<testsuite hostname="DESKTOP-U1JCG6A" failures="0" tests="1" name="urBuddi.Tests.Test006_Add_Edit_Delete_EmployeeWithHRRole" time="14.835" errors="0" timestamp="2025-02-24T10:47:43 IST" skipped="0">
  <testcase classname="urBuddi.Tests.Test006_Add_Edit_Delete_EmployeeWithHRRole" name="verifyAddEditDeleteEmployeeWithHRRoleIsSuccessful" time="14.835"/>
  <system-out/>
</testsuite> <!-- urBuddi.Tests.Test006_Add_Edit_Delete_EmployeeWithHRRole -->
