<?xml version="1.0" encoding="UTF-8"?>
<!-- Generated by org.testng.reporters.JUnitReportReporter -->
<testsuite hostname="DESKTOP-U1JCG6A" failures="0" tests="1" name="urBuddi.Tests.TNPOM04EditEmployeeAfterAddTestSpec" time="35.024" errors="0" timestamp="2025-01-08T11:19:11 IST" skipped="0">
  <testcase classname="urBuddi.Tests.TNPOM04EditEmployeeAfterAddTestSpec" name="verifyLoginIsSuccessful" time="35.024"/>
  <system-out/>
</testsuite> <!-- urBuddi.Tests.TNPOM04EditEmployeeAfterAddTestSpec -->
