<?xml version="1.0" encoding="UTF-8"?>
<!-- Generated by org.testng.reporters.JUnitReportReporter -->
<testsuite hostname="DESKTOP-U1JCG6A" failures="0" tests="1" name="urBuddi.Tests.Test03_DeleteAddEmployeeTestSpec" time="30.844" errors="0" timestamp="2025-02-14T10:56:42 IST" skipped="0">
  <testcase classname="urBuddi.Tests.Test03_DeleteAddEmployeeTestSpec" name="verifyAddAndDeleteEmployeeIsSuccessful" time="30.844"/>
  <system-out/>
</testsuite> <!-- urBuddi.Tests.Test03_DeleteAddEmployeeTestSpec -->
