<?xml version="1.0" encoding="UTF-8"?>
<!-- Generated by org.testng.reporters.JUnitReportReporter -->
<testsuite hostname="DESKTOP-U1JCG6A" failures="0" tests="1" name="urBuddi.TestNG.TC4AddEmployeeTestSpec" time="0.407" errors="0" timestamp="2025-01-03T11:10:24 IST" skipped="0">
  <testcase classname="urBuddi.TestNG.TC4AddEmployeeTestSpec" name="verifyLoginIsSuccessful" time="0.407"/>
  <system-out/>
</testsuite> <!-- urBuddi.TestNG.TC4AddEmployeeTestSpec -->
