<?xml version="1.0" encoding="UTF-8"?>
<!-- Generated by org.testng.reporters.JUnitReportReporter -->
<testsuite hostname="DESKTOP-U1JCG6A" failures="0" tests="1" name="urBuddi.Tests.Test05_DeleteAddEmployeeAfterEditTestSpec" time="24.609" errors="0" timestamp="2025-02-14T10:59:58 IST" skipped="0">
  <testcase classname="urBuddi.Tests.Test05_DeleteAddEmployeeAfterEditTestSpec" name="verifyDeleteAddEmployeeAfterEditIsSuccessful" time="24.609"/>
  <system-out/>
</testsuite> <!-- urBuddi.Tests.Test05_DeleteAddEmployeeAfterEditTestSpec -->
