<?xml version="1.0" encoding="UTF-8"?>
<!-- Generated by org.testng.reporters.JUnitReportReporter -->
<testsuite hostname="DESKTOP-U1JCG6A" failures="0" tests="1" name="urBuddi.TestNG.TC1LoginToApplication" time="1.048" errors="0" timestamp="2024-12-28T12:02:10 IST" skipped="0">
  <testcase classname="urBuddi.TestNG.TC1LoginToApplication" name="loginToApplication" time="1.048"/>
  <system-out/>
</testsuite> <!-- urBuddi.TestNG.TC1LoginToApplication -->
