<?xml version="1.0" encoding="UTF-8"?>
<!-- Generated by org.testng.reporters.JUnitReportReporter -->
<testsuite hostname="DESKTOP-U1JCG6A" failures="0" tests="1" name="urBuddi.Tests.Test009_Add_Edit_Delete_EmployeeWithBTechQualification" time="14.446" errors="0" timestamp="2025-02-24T10:51:02 IST" skipped="0">
  <testcase classname="urBuddi.Tests.Test009_Add_Edit_Delete_EmployeeWithBTechQualification" name="verifyAddEditDeleteEmployeeWithBTechQualificationIsSuccessful" time="14.446"/>
  <system-out/>
</testsuite> <!-- urBuddi.Tests.Test009_Add_Edit_Delete_EmployeeWithBTechQualification -->
