<?xml version="1.0" encoding="UTF-8"?>
<!-- Generated by org.testng.reporters.JUnitReportReporter -->
<testsuite hostname="DESKTOP-U1JCG6A" failures="0" tests="1" name="urBuddi.TestNG.Basic.L01LoginTestSpecTNPOM" time="5.553" errors="0" timestamp="2025-01-06T18:01:50 IST" skipped="0">
  <testcase classname="urBuddi.TestNG.Basic.L01LoginTestSpecTNPOM" name="verifyLoginIsSuccess" time="5.553"/>
  <system-out/>
</testsuite> <!-- urBuddi.TestNG.Basic.L01LoginTestSpecTNPOM -->
