<?xml version="1.0" encoding="UTF-8"?>
<!-- Generated by org.testng.reporters.JUnitReportReporter -->
<testsuite hostname="DESKTOP-U1JCG6A" failures="0" tests="1" name="urBuddi.Tests.Test016_Add_Edit_EmployeeWithReleasedStatusTestSpec" time="26.098" errors="0" timestamp="2025-02-24T10:57:56 IST" skipped="0">
  <testcase classname="urBuddi.Tests.Test016_Add_Edit_EmployeeWithReleasedStatusTestSpec" name="verifyAddEditEmployeeWithReleasedStatusIsSuccessful" time="26.098"/>
  <system-out/>
</testsuite> <!-- urBuddi.Tests.Test016_Add_Edit_EmployeeWithReleasedStatusTestSpec -->
