<?xml version="1.0" encoding="UTF-8"?>
<!-- Generated by org.testng.reporters.JUnitReportReporter -->
<testsuite hostname="DESKTOP-U1JCG6A" failures="0" tests="1" name="urBuddi.Tests.Test07Add_Edit_DeleteEmployeeWithAdminRoleTestSpec" time="16.337" errors="0" timestamp="2025-02-06T11:02:41 IST" skipped="0">
  <testcase classname="urBuddi.Tests.Test07Add_Edit_DeleteEmployeeWithAdminRoleTestSpec" name="verifyAddEMployeeIsSuccessful" time="16.337"/>
  <system-out/>
</testsuite> <!-- urBuddi.Tests.Test07Add_Edit_DeleteEmployeeWithAdminRoleTestSpec -->
