<?xml version="1.0" encoding="UTF-8"?>
<!-- Generated by org.testng.reporters.JUnitReportReporter -->
<testsuite hostname="DESKTOP-U1JCG6A" failures="0" tests="1" name="urBuddi.Tests.Test009_Add_Edit_Delete_EmployeeWithBTechQualification" time="10.578" errors="0" timestamp="2025-02-21T10:20:17 IST" skipped="0">
  <testcase classname="urBuddi.Tests.Test009_Add_Edit_Delete_EmployeeWithBTechQualification" name="verifyAddEditDeleteEmployeeWithBTechQualificationIsSuccessful" time="10.578"/>
  <system-out/>
</testsuite> <!-- urBuddi.Tests.Test009_Add_Edit_Delete_EmployeeWithBTechQualification -->
