<?xml version="1.0" encoding="UTF-8"?>
<!-- Generated by org.testng.reporters.JUnitReportReporter -->
<testsuite hostname="DESKTOP-U1JCG6A" failures="0" tests="1" name="urBuddi.Tests.Test009_Add_Edit_Delete_EmployeeWithPGQualification" time="12.451" errors="0" timestamp="2025-02-18T10:12:50 IST" skipped="0">
  <testcase classname="urBuddi.Tests.Test009_Add_Edit_Delete_EmployeeWithPGQualification" name="verifyAddEditDeleteEmployeeWithPGQualificationIsSuccessful" time="12.451"/>
  <system-out/>
</testsuite> <!-- urBuddi.Tests.Test009_Add_Edit_Delete_EmployeeWithPGQualification -->
