<?xml version="1.0" encoding="UTF-8"?>
<!-- Generated by org.testng.reporters.JUnitReportReporter -->
<testsuite hostname="DESKTOP-U1JCG6A" failures="0" tests="1" name="urBuddi.Tests.Test01_LoginTestSpec" time="1.437" errors="0" timestamp="2025-02-06T11:16:30 IST" skipped="0">
  <testcase classname="urBuddi.Tests.Test01_LoginTestSpec" name="verifyLoginIsSuccess" time="1.437"/>
  <system-out/>
</testsuite> <!-- urBuddi.Tests.Test01_LoginTestSpec -->
