<?xml version="1.0" encoding="UTF-8"?>
<!-- Generated by org.testng.reporters.JUnitReportReporter -->
<testsuite hostname="DESKTOP-U1JCG6A" failures="0" tests="1" name="urBuddi.Tests.Test013_Add_Edit_Delete_EmployeeWithGenderAsFemaleTestSpec" time="20.509" errors="0" timestamp="2025-03-03T16:05:30 IST" skipped="0">
  <testcase classname="urBuddi.Tests.Test013_Add_Edit_Delete_EmployeeWithGenderAsFemaleTestSpec" name="verifyAddEditDeleteEmployeeWithFemaleGenderIsSuccessful" time="20.509"/>
  <system-out/>
</testsuite> <!-- urBuddi.Tests.Test013_Add_Edit_Delete_EmployeeWithGenderAsFemaleTestSpec -->
