<?xml version="1.0" encoding="UTF-8"?>
<!-- Generated by org.testng.reporters.JUnitReportReporter -->
<testsuite hostname="DESKTOP-U1JCG6A" failures="0" tests="1" name="urBuddi.Tests.Test01LoginTestSpec" time="1.447" errors="0" timestamp="2025-02-06T10:06:22 IST" skipped="0">
  <testcase classname="urBuddi.Tests.Test01LoginTestSpec" name="verifyLoginIsSuccess" time="1.447"/>
  <system-out/>
</testsuite> <!-- urBuddi.Tests.Test01LoginTestSpec -->
