<?xml version="1.0" encoding="UTF-8"?>
<!-- Generated by org.testng.reporters.JUnitReportReporter -->
<testsuite hostname="DESKTOP-U1JCG6A" failures="0" tests="1" name="urBuddi.Tests.TNPOM05DeleteAddEmployeeAfterEditTestSpec" time="51.711" errors="0" timestamp="2025-01-08T12:09:27 IST" skipped="0">
  <testcase classname="urBuddi.Tests.TNPOM05DeleteAddEmployeeAfterEditTestSpec" name="verifyLoginIsSuccessful" time="51.711"/>
  <system-out/>
</testsuite> <!-- urBuddi.Tests.TNPOM05DeleteAddEmployeeAfterEditTestSpec -->
