<?xml version="1.0" encoding="UTF-8"?>
<!-- Generated by org.testng.reporters.JUnitReportReporter -->
<testsuite hostname="DESKTOP-U1JCG6A" failures="0" tests="1" name="urBuddi.Tests.Test014_Add_Edit_Delete_EmployeWithOthersGenderTestSpec" time="10.589" errors="0" timestamp="2025-02-21T10:29:21 IST" skipped="0">
  <testcase classname="urBuddi.Tests.Test014_Add_Edit_Delete_EmployeWithOthersGenderTestSpec" name="verifyAddEditDeleteEmployeeWithFemaleGenderIsSuccessful" time="10.589"/>
  <system-out/>
</testsuite> <!-- urBuddi.Tests.Test014_Add_Edit_Delete_EmployeWithOthersGenderTestSpec -->
