<?xml version="1.0" encoding="UTF-8"?>
<!-- Generated by org.testng.reporters.JUnitReportReporter -->
<testsuite hostname="DESKTOP-U1JCG6A" failures="0" tests="7" name="urBuddi.TestNG.TC1LoginPage" time="0.271" errors="0" timestamp="2025-01-03T17:41:29 IST" skipped="0">
  <testcase classname="urBuddi.TestNG.TC1LoginPage" name="verifyURL" time="0.024"/>
  <system-out/>
  <testcase classname="urBuddi.TestNG.TC1LoginPage" name="verifyLogo" time="0.085"/>
  <system-out/>
  <testcase classname="urBuddi.TestNG.TC1LoginPage" name="verifyWelcomeToUrBuddiText" time="0.029"/>
  <system-out/>
  <testcase classname="urBuddi.TestNG.TC1LoginPage" name="verifyEnterYourLoginCredentialsHereText" time="0.026"/>
  <system-out/>
  <testcase classname="urBuddi.TestNG.TC1LoginPage" name="verifyEmailAndPasswordInputFieldsDisplay" time="0.055"/>
  <system-out/>
  <testcase classname="urBuddi.TestNG.TC1LoginPage" name="verifyLoginButtonDisplay" time="0.029"/>
  <system-out/>
  <testcase classname="urBuddi.TestNG.TC1LoginPage" name="verifyForgotPasswordLinkDisplay" time="0.023"/>
  <system-out/>
</testsuite> <!-- urBuddi.TestNG.TC1LoginPage -->
