<?xml version="1.0" encoding="UTF-8"?>
<!-- Generated by org.testng.reporters.JUnitReportReporter -->
<testsuite hostname="DESKTOP-U1JCG6A" failures="0" tests="1" name="urBuddi.TestNG.Basic.TNPOM04EditEmployeeAfterAdd" time="33.793" errors="0" timestamp="2025-01-07T10:17:40 IST" skipped="0">
  <testcase classname="urBuddi.TestNG.Basic.TNPOM04EditEmployeeAfterAdd" name="verifyLoginIsSuccessful" time="33.793"/>
  <system-out/>
</testsuite> <!-- urBuddi.TestNG.Basic.TNPOM04EditEmployeeAfterAdd -->
