<?xml version="1.0" encoding="UTF-8"?>
<!-- Generated by org.testng.reporters.JUnitReportReporter -->
<testsuite hostname="DESKTOP-U1JCG6A" failures="0" tests="1" name="urBuddi.Tests.Test011_Add_Edit_Delete_EmployeeWithOtherQualification" time="10.753" errors="0" timestamp="2025-02-21T10:27:33 IST" skipped="0">
  <testcase classname="urBuddi.Tests.Test011_Add_Edit_Delete_EmployeeWithOtherQualification" name="verifyAddEditDeleteEmployeeWithPGQualificationIsSuccessful" time="10.753"/>
  <system-out/>
</testsuite> <!-- urBuddi.Tests.Test011_Add_Edit_Delete_EmployeeWithOtherQualification -->
