<?xml version="1.0" encoding="UTF-8"?>
<!-- Generated by org.testng.reporters.JUnitReportReporter -->
<testsuite hostname="DESKTOP-U1JCG6A" failures="0" tests="1" name="urBuddi.Tests.ApplyAndCancelLeaveTestSpec" time="11.264" errors="0" timestamp="2025-02-10T10:16:38 IST" skipped="0">
  <testcase classname="urBuddi.Tests.ApplyAndCancelLeaveTestSpec" name="verifyLeaveManagement" time="11.264"/>
  <system-out/>
</testsuite> <!-- urBuddi.Tests.ApplyAndCancelLeaveTestSpec -->
