<?xml version="1.0" encoding="UTF-8"?>
<!-- Generated by org.testng.reporters.JUnitReportReporter -->
<testsuite hostname="DESKTOP-U1JCG6A" failures="0" tests="1" name="urBuddi.Tests.Test001_LoginPageTestSpec" time="0.324" errors="0" timestamp="2025-02-25T11:02:16 IST" skipped="0">
  <testcase classname="urBuddi.Tests.Test001_LoginPageTestSpec" name="verificationOfLoginPageIsSuccess" time="0.324"/>
  <system-out/>
</testsuite> <!-- urBuddi.Tests.Test001_LoginPageTestSpec -->
