<?xml version="1.0" encoding="UTF-8"?>
<!-- Generated by org.testng.reporters.JUnitReportReporter -->
<testsuite hostname="DESKTOP-U1JCG6A" failures="0" tests="1" name="urBuddi.Tests.Test013_Add_Edit_Delete_EmployeeWithFemaleGenderRole" time="10.722" errors="0" timestamp="2025-02-21T10:28:49 IST" skipped="0">
  <testcase classname="urBuddi.Tests.Test013_Add_Edit_Delete_EmployeeWithFemaleGenderRole" name="verifyAddEditDeleteEmployeeWithFemaleGenderIsSuccessful" time="10.722"/>
  <system-out/>
</testsuite> <!-- urBuddi.Tests.Test013_Add_Edit_Delete_EmployeeWithFemaleGenderRole -->
