<?xml version="1.0" encoding="UTF-8"?>
<!-- Generated by org.testng.reporters.JUnitReportReporter -->
<testsuite hostname="DESKTOP-U1JCG6A" failures="0" tests="1" name="urBuddi.TestNG.TC1LoginToApplication" time="0.977" errors="0" timestamp="2025-01-03T17:18:25 IST" skipped="0">
  <testcase classname="urBuddi.TestNG.TC1LoginToApplication" name="verifyLoginIsSuccess" time="0.977"/>
  <system-out/>
</testsuite> <!-- urBuddi.TestNG.TC1LoginToApplication -->
