<?xml version="1.0" encoding="UTF-8"?>
<!-- Generated by org.testng.reporters.JUnitReportReporter -->
<testsuite hostname="DESKTOP-U1JCG6A" failures="0" tests="1" name="urBuddi.Tests.Test005_Add_Edit_Delete_EmployeeWithAdminRoleTestSpec" time="10.798" errors="0" timestamp="2025-02-21T10:16:23 IST" skipped="0">
  <testcase classname="urBuddi.Tests.Test005_Add_Edit_Delete_EmployeeWithAdminRoleTestSpec" name="verifyAddEditDeleteEmployeeWithAdminRoleIsSuccessful" time="10.798"/>
  <system-out/>
</testsuite> <!-- urBuddi.Tests.Test005_Add_Edit_Delete_EmployeeWithAdminRoleTestSpec -->
