<?xml version="1.0" encoding="UTF-8"?>
<!-- Generated by org.testng.reporters.JUnitReportReporter -->
<testsuite hostname="DESKTOP-U1JCG6A" failures="0" tests="1" name="urBuddi.TestNG.Basic.TNPOM05DeleteAddEmployeeAfterEditing" time="50.092" errors="0" timestamp="2025-01-07T10:24:58 IST" skipped="0">
  <testcase classname="urBuddi.TestNG.Basic.TNPOM05DeleteAddEmployeeAfterEditing" name="verifyLoginIsSuccessful" time="50.092"/>
  <system-out/>
</testsuite> <!-- urBuddi.TestNG.Basic.TNPOM05DeleteAddEmployeeAfterEditing -->
