<?xml version="1.0" encoding="UTF-8"?>
<!-- Generated by org.testng.reporters.JUnitReportReporter -->
<testsuite hostname="DESKTOP-U1JCG6A" failures="0" tests="1" name="urBuddi.TestNG.Basic.TC2LoginToApplication" time="0.989" errors="0" timestamp="2025-01-06T11:34:01 IST" skipped="0">
  <testcase classname="urBuddi.TestNG.Basic.TC2LoginToApplication" name="verifyLoginIsSuccess" time="0.989"/>
  <system-out/>
</testsuite> <!-- urBuddi.TestNG.Basic.TC2LoginToApplication -->
