<?xml version="1.0" encoding="UTF-8"?>
<!-- Generated by org.testng.reporters.JUnitReportReporter -->
<testsuite hostname="DESKTOP-U1JCG6A" failures="0" tests="1" name="urBuddi.Tests.Test007_Add_Edit_Delete_EmployeeWithLeadRole" time="13.282" errors="0" timestamp="2025-02-24T10:48:14 IST" skipped="0">
  <testcase classname="urBuddi.Tests.Test007_Add_Edit_Delete_EmployeeWithLeadRole" name="verifyAddEditDeleteEmployeeWithLeadRoleIsSuccessful" time="13.282"/>
  <system-out/>
</testsuite> <!-- urBuddi.Tests.Test007_Add_Edit_Delete_EmployeeWithLeadRole -->
