<?xml version="1.0" encoding="UTF-8"?>
<!-- Generated by org.testng.reporters.JUnitReportReporter -->
<testsuite hostname="DESKTOP-U1JCG6A" failures="0" tests="1" name="urBuddi.Tests.Test_07_Add_Edit_Delete_EmployeeWithHRRole" time="22.926" errors="0" timestamp="2025-02-10T10:37:27 IST" skipped="0">
  <testcase classname="urBuddi.Tests.Test_07_Add_Edit_Delete_EmployeeWithHRRole" name="verifyAddEMployeeIsSuccessful" time="22.926"/>
  <system-out/>
</testsuite> <!-- urBuddi.Tests.Test_07_Add_Edit_Delete_EmployeeWithHRRole -->
