<?xml version="1.0" encoding="UTF-8"?>
<!-- Generated by org.testng.reporters.JUnitReportReporter -->
<testsuite hostname="DESKTOP-U1JCG6A" failures="0" tests="1" name="urBuddi.Tests.Test03DeleteAddEmployeeTestSpec" time="10.364" errors="0" timestamp="2025-02-06T10:05:16 IST" skipped="0">
  <testcase classname="urBuddi.Tests.Test03DeleteAddEmployeeTestSpec" name="verifyLoginIsSuccessful" time="10.364"/>
  <system-out/>
</testsuite> <!-- urBuddi.Tests.Test03DeleteAddEmployeeTestSpec -->
