<?xml version="1.0" encoding="UTF-8"?>
<!-- Generated by org.testng.reporters.JUnitReportReporter -->
<testsuite hostname="DESKTOP-U1JCG6A" failures="0" tests="1" name="urBuddi.Tests.Test06_Add_Edit_Delete_EmployeeWithAdminRoleTestSpec" time="20.414" errors="0" timestamp="2025-02-13T10:13:13 IST" skipped="0">
  <testcase classname="urBuddi.Tests.Test06_Add_Edit_Delete_EmployeeWithAdminRoleTestSpec" name="verifyAddEditDeleteEmployeeWithAdminRoleIsSuccessful" time="20.414"/>
  <system-out/>
</testsuite> <!-- urBuddi.Tests.Test06_Add_Edit_Delete_EmployeeWithAdminRoleTestSpec -->
