<?xml version="1.0" encoding="UTF-8"?>
<!-- Generated by org.testng.reporters.JUnitReportReporter -->
<testsuite hostname="DESKTOP-U1JCG6A" failures="0" tests="1" name="urBuddi.Tests.Test004_Add_Edit_Delete_EmployeeWithEmployeeRoleTestSpec" time="11.165" errors="0" timestamp="2025-02-21T10:15:43 IST" skipped="0">
  <testcase classname="urBuddi.Tests.Test004_Add_Edit_Delete_EmployeeWithEmployeeRoleTestSpec" name="verifyAddEditDeleteEmployeeWithAdminRoleIsSuccessful" time="11.165"/>
  <system-out/>
</testsuite> <!-- urBuddi.Tests.Test004_Add_Edit_Delete_EmployeeWithEmployeeRoleTestSpec -->
