<?xml version="1.0" encoding="UTF-8"?>
<!-- Generated by org.testng.reporters.JUnitReportReporter -->
<testsuite hostname="DESKTOP-U1JCG6A" failures="0" tests="1" name="urBuddi.Tests.Test015_Add_Edit_Delete_EmployeeWithActiveStatusTestSpec" time="21.750" errors="0" timestamp="2025-02-24T10:57:09 IST" skipped="0">
  <testcase classname="urBuddi.Tests.Test015_Add_Edit_Delete_EmployeeWithActiveStatusTestSpec" name="verifyAddEditDeleteEmployeeWithActiveStatusIsSuccessful" time="21.750"/>
  <system-out/>
</testsuite> <!-- urBuddi.Tests.Test015_Add_Edit_Delete_EmployeeWithActiveStatusTestSpec -->
