<?xml version="1.0" encoding="UTF-8"?>
<!-- Generated by org.testng.reporters.JUnitReportReporter -->
<testsuite hostname="DESKTOP-U1JCG6A" failures="0" tests="1" name="urBuddi.Tests.Test011_Add_Edit_Delete_EmployeeWithOtherQualification" time="22.402" errors="0" timestamp="2025-02-24T10:53:16 IST" skipped="0">
  <testcase classname="urBuddi.Tests.Test011_Add_Edit_Delete_EmployeeWithOtherQualification" name="verifyAddEditDeleteEmployeeWithOtherQualificationIsSuccessful" time="22.402"/>
  <system-out/>
</testsuite> <!-- urBuddi.Tests.Test011_Add_Edit_Delete_EmployeeWithOtherQualification -->
