<?xml version="1.0" encoding="UTF-8"?>
<!-- Generated by org.testng.reporters.JUnitReportReporter -->
<testsuite hostname="DESKTOP-U1JCG6A" failures="0" tests="3" name="urBuddi.TestNG.TC4AddEmployee" time="14.687" errors="0" timestamp="2025-01-03T18:21:13 IST" skipped="0">
  <testcase classname="urBuddi.TestNG.TC4AddEmployee" name="verifyLoginIsSuccess" time="0.410"/>
  <system-out/>
  <testcase classname="urBuddi.TestNG.TC4AddEmployee" name="clickOnAddEmployeeLinks" time="0.789"/>
  <system-out/>
  <testcase classname="urBuddi.TestNG.TC4AddEmployee" name="EnterAddEmployeeInputfields" time="13.488"/>
  <system-out/>
</testsuite> <!-- urBuddi.TestNG.TC4AddEmployee -->
