<?xml version="1.0" encoding="UTF-8"?>
<!-- Generated by org.testng.reporters.JUnitReportReporter -->
<testsuite hostname="DESKTOP-U1JCG6A" failures="0" tests="1" name="urBuddi.Tests.Test003_LoginFunctionalityTestSpec" time="5.055" errors="0" timestamp="2025-02-25T11:04:05 IST" skipped="0">
  <testcase classname="urBuddi.Tests.Test003_LoginFunctionalityTestSpec" name="verificationOfLoginFunctionalityIsSuccess" time="5.055"/>
  <system-out/>
</testsuite> <!-- urBuddi.Tests.Test003_LoginFunctionalityTestSpec -->
