<?xml version="1.0" encoding="UTF-8"?>
<!-- Generated by org.testng.reporters.JUnitReportReporter -->
<testsuite hostname="DESKTOP-U1JCG6A" failures="0" tests="1" name="urBuddi.Tests.Test003_LoginFunctionalityTestSpec" time="4.935" errors="0" timestamp="2025-03-03T15:58:13 IST" skipped="0">
  <testcase classname="urBuddi.Tests.Test003_LoginFunctionalityTestSpec" name="verificationOfLoginFunctionalityIsSuccess" time="4.935"/>
  <system-out/>
</testsuite> <!-- urBuddi.Tests.Test003_LoginFunctionalityTestSpec -->
